platforms/android/build/outputs/logs/manifest-merger-debug-report.txt
-- Merging decision tree log ---
manifest
ADDED from platforms\android\AndroidManifest.xml:2:1-37:12
	package
		ADDED from platforms\android\AndroidManifest.xml:2:98-153
		INJECTED from platforms\android\AndroidManifest.xml
		INJECTED from platforms\android\AndroidManifest.xml
	android:versionName
		ADDED from platforms\android\AndroidManifest.xml:2:70-97
		INJECTED from platforms\android\AndroidManifest.xml
		INJECTED from platforms\android\AndroidManifest.xml
	android:hardwareAccelerated
		ADDED from platforms\android\AndroidManifest.xml:2:11-45
	android:versionCode
		ADDED from platforms\android\AndroidManifest.xml:2:46-69
		INJECTED from platforms\android\AndroidManifest.xml
		INJECTED from platforms\android\AndroidManifest.xml
	xmlns:android
		ADDED from platforms\android\AndroidManifest.xml:2:154-212
supports-screens
ADDED from platforms\android\AndroidManifest.xml:3:5-191
	android:largeScreens
		ADDED from platforms\android\AndroidManifest.xml:3:49-76
	android:smallScreens
		ADDED from platforms\android\AndroidManifest.xml:3:132-159
	android:normalScreens
		ADDED from platforms\android\AndroidManifest.xml:3:77-105
	android:xlargeScreens
		ADDED from platforms\android\AndroidManifest.xml:3:160-188
	android:resizeable
		ADDED from platforms\android\AndroidManifest.xml:3:106-131
	android:anyDensity
		ADDED from platforms\android\AndroidManifest.xml:3:23-48
uses-permission#android.permission.INTERNET
ADDED from platforms\android\AndroidManifest.xml:4:5-67
MERGED from [com.google.android.gms:play-services-maps:9.8.0] AndroidManifest.xml:20:5-66
	android:name
		ADDED from platforms\android\AndroidManifest.xml:4:22-64
application
ADDED from platforms\android\AndroidManifest.xml:5:5-25:19
MERGED from [com.google.android.gms:play-services-maps:9.8.0] AndroidManifest.xml:24:5-19
MERGED from [com.google.android.gms:play-services-base:9.8.0] AndroidManifest.xml:18:5-20:19
MERGED from [com.google.android.gms:play-services-basement:9.8.0] AndroidManifest.xml:19:5-21:19
MERGED from [com.android.support:support-v4:25.1.1] AndroidManifest.xml:25:5-20
MERGED from [com.android.support:support-compat:25.1.1] AndroidManifest.xml:25:5-20
MERGED from [com.android.support:support-media-compat:25.1.1] AndroidManifest.xml:25:5-20
MERGED from [com.android.support:support-core-utils:25.1.1] AndroidManifest.xml:25:5-20
MERGED from [com.android.support:support-core-ui:25.1.1] AndroidManifest.xml:25:5-20
MERGED from [com.android.support:support-fragment:25.1.1] AndroidManifest.xml:25:5-20
MERGED from [com.google.android.gms:play-services-tasks:9.8.0] AndroidManifest.xml:4:5-19
MERGED from [com.google.android.gms:play-services-location:9.8.0] AndroidManifest.xml:4:5-19
	android:label
		ADDED from platforms\android\AndroidManifest.xml:5:81-113
	android:supportsRtl
		ADDED from platforms\android\AndroidManifest.xml:5:114-140
	android:hardwareAccelerated
		ADDED from platforms\android\AndroidManifest.xml:5:18-52
	android:icon
		ADDED from platforms\android\AndroidManifest.xml:5:53-80
activity#com.ionicframework.scientificconference500942.MainActivity
ADDED from platforms\android\AndroidManifest.xml:6:9-11:20
	android:label
		ADDED from platforms\android\AndroidManifest.xml:6:97-134
	android:launchMode
		ADDED from platforms\android\AndroidManifest.xml:6:135-165
	android:windowSoftInputMode
		ADDED from platforms\android\AndroidManifest.xml:6:257-299
	android:configChanges
		ADDED from platforms\android\AndroidManifest.xml:6:19-96
	android:theme
		ADDED from platforms\android\AndroidManifest.xml:6:194-256
	android:name
		ADDED from platforms\android\AndroidManifest.xml:6:166-193
intent-filter#android.intent.action.MAIN+android.intent.category.LAUNCHER
ADDED from platforms\android\AndroidManifest.xml:7:13-10:29
	android:label
		ADDED from platforms\android\AndroidManifest.xml:7:28-65
action#android.intent.action.MAIN
ADDED from platforms\android\AndroidManifest.xml:8:17-69
	android:name
		ADDED from platforms\android\AndroidManifest.xml:8:25-66
category#android.intent.category.LAUNCHER
ADDED from platforms\android\AndroidManifest.xml:9:17-77
	android:name
		ADDED from platforms\android\AndroidManifest.xml:9:27-74
receiver#de.appplant.cordova.plugin.localnotification.TriggerReceiver
ADDED from platforms\android\AndroidManifest.xml:12:9-122
	android:exported
		ADDED from platforms\android\AndroidManifest.xml:12:19-43
	android:name
		ADDED from platforms\android\AndroidManifest.xml:12:44-119
receiver#de.appplant.cordova.plugin.localnotification.ClearReceiver
ADDED from platforms\android\AndroidManifest.xml:13:9-120
	android:exported
		ADDED from platforms\android\AndroidManifest.xml:13:19-43
	android:name
		ADDED from platforms\android\AndroidManifest.xml:13:44-117
activity#de.appplant.cordova.plugin.localnotification.ClickActivity
ADDED from platforms\android\AndroidManifest.xml:14:9-203
	android:launchMode
		ADDED from platforms\android\AndroidManifest.xml:14:44-79
	android:exported
		ADDED from platforms\android\AndroidManifest.xml:14:19-43
	android:theme
		ADDED from platforms\android\AndroidManifest.xml:14:154-200
	android:name
		ADDED from platforms\android\AndroidManifest.xml:14:80-153
receiver#de.appplant.cordova.plugin.notification.TriggerReceiver
ADDED from platforms\android\AndroidManifest.xml:15:9-117
	android:exported
		ADDED from platforms\android\AndroidManifest.xml:15:19-43
	android:name
		ADDED from platforms\android\AndroidManifest.xml:15:44-114
receiver#de.appplant.cordova.plugin.notification.ClearReceiver
ADDED from platforms\android\AndroidManifest.xml:16:9-115
	android:exported
		ADDED from platforms\android\AndroidManifest.xml:16:19-43
	android:name
		ADDED from platforms\android\AndroidManifest.xml:16:44-112
receiver#de.appplant.cordova.plugin.localnotification.RestoreReceiver
ADDED from platforms\android\AndroidManifest.xml:17:9-21:20
	android:exported
		ADDED from platforms\android\AndroidManifest.xml:17:19-43
	android:name
		ADDED from platforms\android\AndroidManifest.xml:17:44-119
intent-filter#android.intent.action.BOOT_COMPLETED
ADDED from platforms\android\AndroidManifest.xml:18:13-20:29
action#android.intent.action.BOOT_COMPLETED
ADDED from platforms\android\AndroidManifest.xml:19:17-79
	android:name
		ADDED from platforms\android\AndroidManifest.xml:19:25-76
activity#de.appplant.cordova.plugin.notification.ClickActivity
ADDED from platforms\android\AndroidManifest.xml:22:9-198
	android:launchMode
		ADDED from platforms\android\AndroidManifest.xml:22:44-79
	android:exported
		ADDED from platforms\android\AndroidManifest.xml:22:19-43
	android:theme
		ADDED from platforms\android\AndroidManifest.xml:22:149-195
	android:name
		ADDED from platforms\android\AndroidManifest.xml:22:80-148
meta-data#com.google.android.geo.API_KEY
ADDED from platforms\android\AndroidManifest.xml:23:9-124
	android:value
		ADDED from platforms\android\AndroidManifest.xml:23:66-121
	android:name
		ADDED from platforms\android\AndroidManifest.xml:23:20-65
meta-data#com.google.android.gms.version
ADDED from platforms\android\AndroidManifest.xml:24:9-122
MERGED from [com.google.android.gms:play-services-basement:9.8.0] AndroidManifest.xml:20:9-121
	android:value
		ADDED from platforms\android\AndroidManifest.xml:24:66-119
	android:name
		ADDED from platforms\android\AndroidManifest.xml:24:20-65
uses-sdk
ADDED from platforms\android\AndroidManifest.xml:26:5-74
MERGED from [com.google.android.gms:play-services-maps:9.8.0] AndroidManifest.xml:23:5-42
MERGED from [com.google.android.gms:play-services-base:9.8.0] AndroidManifest.xml:17:5-42
MERGED from [com.google.android.gms:play-services-basement:9.8.0] AndroidManifest.xml:17:5-42
MERGED from [com.android.support:support-v4:25.1.1] AndroidManifest.xml:21:5-23:54
MERGED from [com.android.support:support-compat:25.1.1] AndroidManifest.xml:21:5-23:58
MERGED from [com.android.support:support-media-compat:25.1.1] AndroidManifest.xml:21:5-23:63
MERGED from [com.android.support:support-core-utils:25.1.1] AndroidManifest.xml:21:5-23:61
MERGED from [com.android.support:support-core-ui:25.1.1] AndroidManifest.xml:21:5-23:58
MERGED from [com.android.support:support-fragment:25.1.1] AndroidManifest.xml:21:5-23:60
MERGED from [com.google.android.gms:play-services-tasks:9.8.0] AndroidManifest.xml:3:5-42
MERGED from [com.google.android.gms:play-services-location:9.8.0] AndroidManifest.xml:3:5-42
MERGED from [android:CordovaLib:unspecified:debug] AndroidManifest.xml:25:5-44
	tools:overrideLibrary
		ADDED from [com.android.support:support-v4:25.1.1] AndroidManifest.xml:23:9-51
	android:targetSdkVersion
		ADDED from platforms\android\AndroidManifest.xml:26:42-71
	android:minSdkVersion
		ADDED from platforms\android\AndroidManifest.xml:26:15-41
uses-permission#android.permission.RECEIVE_BOOT_COMPLETED
ADDED from platforms\android\AndroidManifest.xml:27:5-81
	android:name
		ADDED from platforms\android\AndroidManifest.xml:27:22-78
uses-permission#android.permission.WRITE_EXTERNAL_STORAGE
ADDED from platforms\android\AndroidManifest.xml:28:5-81
	android:name
		ADDED from platforms\android\AndroidManifest.xml:28:22-78
uses-permission#android.permission.ACCESS_NETWORK_STATE
ADDED from platforms\android\AndroidManifest.xml:29:5-79
MERGED from [com.google.android.gms:play-services-maps:9.8.0] AndroidManifest.xml:19:5-78
	android:name
		ADDED from platforms\android\AndroidManifest.xml:29:22-76
uses-permission#com.google.android.providers.gsf.permission.READ_GSERVICES
ADDED from platforms\android\AndroidManifest.xml:30:5-98
	android:name
		ADDED from platforms\android\AndroidManifest.xml:30:22-95
uses-permission#android.permission.ACCESS_COARSE_LOCATION
ADDED from platforms\android\AndroidManifest.xml:31:5-81
	android:name
		ADDED from platforms\android\AndroidManifest.xml:31:22-78
uses-permission#android.permission.ACCESS_FINE_LOCATION
ADDED from platforms\android\AndroidManifest.xml:32:5-79
	android:name
		ADDED from platforms\android\AndroidManifest.xml:32:22-76
uses-permission#android.permission.ACCESS_LOCATION_EXTRA_COMMANDS
ADDED from platforms\android\AndroidManifest.xml:33:5-89
	android:name
		ADDED from platforms\android\AndroidManifest.xml:33:22-86
uses-feature#0x00020000
ADDED from platforms\android\AndroidManifest.xml:34:5-78
MERGED from [com.google.android.gms:play-services-maps:9.8.0] AndroidManifest.xml:21:5-77
	android:glEsVersion
		ADDED from platforms\android\AndroidManifest.xml:34:19-51
	android:required
		ADDED from platforms\android\AndroidManifest.xml:34:52-75
uses-feature#android.hardware.location
ADDED from platforms\android\AndroidManifest.xml:35:5-62
	android:name
		ADDED from platforms\android\AndroidManifest.xml:35:19-59
uses-feature#android.hardware.location.gps
ADDED from platforms\android\AndroidManifest.xml:36:5-66
	android:name
		ADDED from platforms\android\AndroidManifest.xml:36:19-63
activity#com.google.android.gms.common.api.GoogleApiActivity
ADDED from [com.google.android.gms:play-services-base:9.8.0] AndroidManifest.xml:19:9-172
	android:exported
		ADDED from [com.google.android.gms:play-services-base:9.8.0] AndroidManifest.xml:19:146-170
	android:theme
		ADDED from [com.google.android.gms:play-services-base:9.8.0] AndroidManifest.xml:19:86-145
	android:name
		ADDED from [com.google.android.gms:play-services-base:9.8.0] AndroidManifest.xml:19:19-85